[    17.063] (--) Log file renamed from "/home/saikumar/.local/share/xorg/Xorg.pid-855.log" to "/home/saikumar/.local/share/xorg/Xorg.0.log"
[    17.064] 
X.Org X Server 1.20.5
X Protocol Version 11, Revision 0
[    17.064] Build Operating System: Linux 4.4.0-165-generic x86_64 Ubuntu
[    17.064] Current Operating System: Linux saikumar-virtual-machine 5.3.0-51-generic #44-Ubuntu SMP Wed Apr 22 21:09:44 UTC 2020 x86_64
[    17.064] Kernel command line: BOOT_IMAGE=/boot/vmlinuz-5.3.0-51-generic root=UUID=befa420a-0d02-4835-b314-24f301a93dd9 ro quiet splash
[    17.064] Build Date: 08 October 2019  09:43:30AM
[    17.064] xorg-server 2:1.20.5+git20191008-0ubuntu1 (For technical support please see http://www.ubuntu.com/support) 
[    17.064] Current version of pixman: 0.38.4
[    17.064] 	Before reporting problems, check http://wiki.x.org
	to make sure that you have the latest version.
[    17.064] Markers: (--) probed, (**) from config file, (==) default setting,
	(++) from command line, (!!) notice, (II) informational,
	(WW) warning, (EE) error, (NI) not implemented, (??) unknown.
[    17.064] (==) Log file: "/home/saikumar/.local/share/xorg/Xorg.0.log", Time: Sun May 10 20:17:11 2020
[    17.066] (==) Using system config directory "/usr/share/X11/xorg.conf.d"
[    17.068] (==) No Layout section.  Using the first Screen section.
[    17.068] (==) No screen section available. Using defaults.
[    17.068] (**) |-->Screen "Default Screen Section" (0)
[    17.068] (**) |   |-->Monitor "<default monitor>"
[    17.068] (==) No monitor specified for screen "Default Screen Section".
	Using a default monitor configuration.
[    17.068] (==) Automatically adding devices
[    17.068] (==) Automatically enabling devices
[    17.068] (==) Automatically adding GPU devices
[    17.068] (==) Automatically binding GPU devices
[    17.068] (==) Max clients allowed: 256, resource mask: 0x1fffff
[    17.070] (WW) The directory "/usr/share/fonts/X11/cyrillic" does not exist.
[    17.070] 	Entry deleted from font path.
[    17.070] (WW) The directory "/usr/share/fonts/X11/100dpi/" does not exist.
[    17.070] 	Entry deleted from font path.
[    17.070] (WW) The directory "/usr/share/fonts/X11/75dpi/" does not exist.
[    17.070] 	Entry deleted from font path.
[    17.070] (WW) The directory "/usr/share/fonts/X11/100dpi" does not exist.
[    17.070] 	Entry deleted from font path.
[    17.070] (WW) The directory "/usr/share/fonts/X11/75dpi" does not exist.
[    17.070] 	Entry deleted from font path.
[    17.070] (==) FontPath set to:
	/usr/share/fonts/X11/misc,
	/usr/share/fonts/X11/Type1,
	built-ins
[    17.070] (==) ModulePath set to "/usr/lib/xorg/modules"
[    17.070] (II) The server relies on udev to provide the list of input devices.
	If no devices become available, reconfigure udev or disable AutoAddDevices.
[    17.070] (II) Loader magic: 0x55b4316d8020
[    17.070] (II) Module ABI versions:
[    17.070] 	X.Org ANSI C Emulation: 0.4
[    17.070] 	X.Org Video Driver: 24.0
[    17.070] 	X.Org XInput driver : 24.1
[    17.070] 	X.Org Server Extension : 10.0
[    17.074] (++) using VT number 2

[    17.075] (II) systemd-logind: took control of session /org/freedesktop/login1/session/_31
[    17.076] (II) xfree86: Adding drm device (/dev/dri/card0)
[    17.079] (II) systemd-logind: got fd for /dev/dri/card0 226:0 fd 12 paused 0
[    17.099] (--) PCI:*(0@0:15:0) 15ad:0405:15ad:0405 rev 0, Mem @ 0xe8000000/134217728, 0xfe000000/8388608, I/O @ 0x00001070/16, BIOS @ 0x????????/131072
[    17.100] (II) LoadModule: "glx"
[    17.101] (II) Loading /usr/lib/xorg/modules/extensions/libglx.so
[    17.115] (II) Module glx: vendor="X.Org Foundation"
[    17.115] 	compiled for 1.20.5, module version = 1.0.0
[    17.115] 	ABI class: X.Org Server Extension, version 10.0
[    17.115] (==) Matched vmware as autoconfigured driver 0
[    17.115] (==) Matched modesetting as autoconfigured driver 1
[    17.115] (==) Matched fbdev as autoconfigured driver 2
[    17.115] (==) Matched vesa as autoconfigured driver 3
[    17.115] (==) Assigned the driver to the xf86ConfigLayout
[    17.115] (II) LoadModule: "vmware"
[    17.115] (II) Loading /usr/lib/xorg/modules/drivers/vmware_drv.so
[    17.241] (II) Module vmware: vendor="X.Org Foundation"
[    17.241] 	compiled for 1.20.0, module version = 13.3.0
[    17.241] 	Module class: X.Org Video Driver
[    17.241] 	ABI class: X.Org Video Driver, version 24.0
[    17.241] (II) LoadModule: "modesetting"
[    17.241] (II) Loading /usr/lib/xorg/modules/drivers/modesetting_drv.so
[    17.243] (II) Module modesetting: vendor="X.Org Foundation"
[    17.243] 	compiled for 1.20.5, module version = 1.20.5
[    17.243] 	Module class: X.Org Video Driver
[    17.243] 	ABI class: X.Org Video Driver, version 24.0
[    17.243] (II) LoadModule: "fbdev"
[    17.243] (II) Loading /usr/lib/xorg/modules/drivers/fbdev_drv.so
[    17.244] (II) Module fbdev: vendor="X.Org Foundation"
[    17.244] 	compiled for 1.20.1, module version = 0.5.0
[    17.244] 	Module class: X.Org Video Driver
[    17.244] 	ABI class: X.Org Video Driver, version 24.0
[    17.244] (II) LoadModule: "vesa"
[    17.244] (II) Loading /usr/lib/xorg/modules/drivers/vesa_drv.so
[    17.244] (II) Module vesa: vendor="X.Org Foundation"
[    17.244] 	compiled for 1.20.4, module version = 2.4.0
[    17.244] 	Module class: X.Org Video Driver
[    17.244] 	ABI class: X.Org Video Driver, version 24.0
[    17.245] (II) vmware: driver for VMware SVGA: vmware0405, vmware0710
[    17.245] (II) modesetting: Driver for Modesetting Kernel Drivers: kms
[    17.245] (II) FBDEV: driver for framebuffer: fbdev
[    17.245] (II) VESA: driver for VESA chipsets: vesa
[    17.245] xf86EnableIOPorts: failed to set IOPL for I/O (Operation not permitted)
[    17.245] (WW) Falling back to old probe method for modesetting
[    17.245] (WW) Falling back to old probe method for fbdev
[    17.245] (II) Loading sub module "fbdevhw"
[    17.245] (II) LoadModule: "fbdevhw"
[    17.245] (II) Loading /usr/lib/xorg/modules/libfbdevhw.so
[    17.246] (II) Module fbdevhw: vendor="X.Org Foundation"
[    17.246] 	compiled for 1.20.5, module version = 0.0.2
[    17.246] 	ABI class: X.Org Video Driver, version 24.0
[    17.246] (EE) open /dev/fb0: Permission denied
[    17.246] (WW) VGA arbiter: cannot open kernel arbiter, no multi-card support
[    17.246] (II) vmware(0): Creating default Display subsection in Screen section
	"Default Screen Section" for depth/fbbpp 24/32
[    17.246] (--) vmware(0): DRM driver version is 2.15.0
[    17.246] (==) vmware(0): Depth 24, (--) framebuffer bpp 32
[    17.246] (==) vmware(0): RGB weight 888
[    17.246] (==) vmware(0): Default visual is TrueColor
[    17.246] (--) vmware(0): Min width 1, Max Width 16384.
[    17.246] (--) vmware(0): Min height 1, Max Height 16384.
[    17.246] (II) vmware(0): Output Virtual1 has no monitor section
[    17.246] (II) vmware(0): Output Virtual2 has no monitor section
[    17.246] (II) vmware(0): Output Virtual3 has no monitor section
[    17.246] (II) vmware(0): Output Virtual4 has no monitor section
[    17.246] (II) vmware(0): Output Virtual5 has no monitor section
[    17.246] (II) vmware(0): Output Virtual6 has no monitor section
[    17.246] (II) vmware(0): Output Virtual7 has no monitor section
[    17.246] (II) vmware(0): Output Virtual8 has no monitor section
[    17.246] (II) vmware(0): Printing probed modes for output Virtual1
[    17.246] (II) vmware(0): Modeline "800x600"x60.0   42.75  800 850 900 950  600 650 700 750 -hsync +vsync (45.0 kHz eP)
[    17.246] (II) vmware(0): Modeline "2560x1600"x60.0  348.50  2560 2752 3032 3504  1600 1603 1609 1658 -hsync +vsync (99.5 kHz e)
[    17.246] (II) vmware(0): Modeline "1920x1440"x60.0  234.00  1920 2048 2256 2600  1440 1441 1444 1500 -hsync +vsync (90.0 kHz e)
[    17.246] (II) vmware(0): Modeline "1856x1392"x60.0  218.25  1856 1952 2176 2528  1392 1393 1396 1439 -hsync +vsync (86.3 kHz e)
[    17.246] (II) vmware(0): Modeline "1792x1344"x60.0  204.75  1792 1920 2120 2448  1344 1345 1348 1394 -hsync +vsync (83.6 kHz e)
[    17.246] (II) vmware(0): Modeline "1920x1200"x59.9  193.25  1920 2056 2256 2592  1200 1203 1209 1245 -hsync +vsync (74.6 kHz e)
[    17.246] (II) vmware(0): Modeline "1600x1200"x60.0  162.00  1600 1664 1856 2160  1200 1201 1204 1250 +hsync +vsync (75.0 kHz e)
[    17.246] (II) vmware(0): Modeline "1680x1050"x60.0  146.25  1680 1784 1960 2240  1050 1053 1059 1089 -hsync +vsync (65.3 kHz e)
[    17.246] (II) vmware(0): Modeline "1400x1050"x60.0  121.75  1400 1488 1632 1864  1050 1053 1057 1089 -hsync +vsync (65.3 kHz e)
[    17.246] (II) vmware(0): Modeline "1280x1024"x60.0  108.00  1280 1328 1440 1688  1024 1025 1028 1066 +hsync +vsync (64.0 kHz e)
[    17.246] (II) vmware(0): Modeline "1440x900"x59.9  106.50  1440 1520 1672 1904  900 903 909 934 -hsync +vsync (55.9 kHz e)
[    17.246] (II) vmware(0): Modeline "1280x960"x60.0  108.00  1280 1376 1488 1800  960 961 964 1000 +hsync +vsync (60.0 kHz e)
[    17.246] (II) vmware(0): Modeline "1360x768"x60.0   85.50  1360 1424 1536 1792  768 771 777 795 +hsync +vsync (47.7 kHz e)
[    17.246] (II) vmware(0): Modeline "1280x800"x59.8   83.50  1280 1352 1480 1680  800 803 809 831 +hsync -vsync (49.7 kHz e)
[    17.246] (II) vmware(0): Modeline "1152x864"x75.0  108.00  1152 1216 1344 1600  864 865 868 900 +hsync +vsync (67.5 kHz e)
[    17.246] (II) vmware(0): Modeline "1280x768"x59.9   79.50  1280 1344 1472 1664  768 771 778 798 -hsync +vsync (47.8 kHz e)
[    17.246] (II) vmware(0): Modeline "1024x768"x60.0   65.00  1024 1048 1184 1344  768 771 777 806 -hsync -vsync (48.4 kHz e)
[    17.246] (II) vmware(0): Modeline "800x600"x60.3   40.00  800 840 968 1056  600 601 605 628 +hsync +vsync (37.9 kHz e)
[    17.246] (II) vmware(0): Modeline "640x480"x59.9   25.18  640 656 752 800  480 489 492 525 -hsync -vsync (31.5 kHz e)
[    17.246] (II) vmware(0): EDID for output Virtual2
[    17.246] (II) vmware(0): EDID for output Virtual3
[    17.246] (II) vmware(0): EDID for output Virtual4
[    17.246] (II) vmware(0): EDID for output Virtual5
[    17.246] (II) vmware(0): EDID for output Virtual6
[    17.246] (II) vmware(0): EDID for output Virtual7
[    17.246] (II) vmware(0): EDID for output Virtual8
[    17.246] (II) vmware(0): Output Virtual1 connected
[    17.246] (II) vmware(0): Output Virtual2 disconnected
[    17.246] (II) vmware(0): Output Virtual3 disconnected
[    17.246] (II) vmware(0): Output Virtual4 disconnected
[    17.246] (II) vmware(0): Output Virtual5 disconnected
[    17.246] (II) vmware(0): Output Virtual6 disconnected
[    17.246] (II) vmware(0): Output Virtual7 disconnected
[    17.246] (II) vmware(0): Output Virtual8 disconnected
[    17.246] (II) vmware(0): Using exact sizes for initial modes
[    17.246] (II) vmware(0): Output Virtual1 using initial mode 800x600 +0+0
[    17.246] (==) vmware(0): DPI set to (96, 96)
[    17.246] (==) vmware(0): Using gamma correction (1.0, 1.0, 1.0)
[    17.246] (II) Loading sub module "fb"
[    17.246] (II) LoadModule: "fb"
[    17.246] (II) Loading /usr/lib/xorg/modules/libfb.so
[    17.249] (II) Module fb: vendor="X.Org Foundation"
[    17.249] 	compiled for 1.20.5, module version = 1.0.0
[    17.249] 	ABI class: X.Org ANSI C Emulation, version 0.4
[    17.249] (II) Loading sub module "dri2"
[    17.249] (II) LoadModule: "dri2"
[    17.249] (II) Module "dri2" already built-in
[    17.249] (II) Loading sub module "dri3"
[    17.249] (II) LoadModule: "dri3"
[    17.249] (II) Module "dri3" already built-in
[    17.249] (II) UnloadModule: "modesetting"
[    17.249] (II) Unloading modesetting
[    17.249] (II) UnloadModule: "fbdev"
[    17.249] (II) Unloading fbdev
[    17.249] (II) UnloadSubModule: "fbdevhw"
[    17.249] (II) Unloading fbdevhw
[    17.249] (II) UnloadModule: "vesa"
[    17.249] (II) Unloading vesa
[    17.250] (II) vmware(0): Initialized VMWARE_CTRL extension version 0.2
[    17.287] (II) vmware(0): Gallium3D XA version: 2.5.0.
[    17.287] (II) vmware(0): Path of drm device is "/dev/dri/card0".
[    17.287] (II) vmware(0): [DRI2] Setup complete
[    17.287] (II) vmware(0): [DRI2]   DRI driver: vmwgfx
[    17.287] (EE) vmware(0): Failed to initialize direct rendering DRI3.
[    17.287] (--) vmware(0): Render acceleration is enabled.
[    17.287] (==) vmware(0): Rendercheck mode is disabled.
[    17.287] (--) vmware(0): Direct rendering (DRI2 3D) is enabled.
[    17.287] (--) vmware(0): Direct rendering (DRI3 3D) is disabled.
[    17.287] (==) vmware(0): Direct presents are disabled.
[    17.287] (==) vmware(0): Hardware only presents are automatic per scanout.
[    17.287] (==) vmware(0): Backing store enabled
[    17.287] (==) vmware(0): Silken mouse enabled
[    17.290] (==) vmware(0): DPMS enabled
[    17.290] (II) Initializing extension Generic Event Extension
[    17.290] (II) Initializing extension SHAPE
[    17.290] (II) Initializing extension MIT-SHM
[    17.290] (II) Initializing extension XInputExtension
[    17.291] (II) Initializing extension XTEST
[    17.291] (II) Initializing extension BIG-REQUESTS
[    17.291] (II) Initializing extension SYNC
[    17.291] (II) Initializing extension XKEYBOARD
[    17.291] (II) Initializing extension XC-MISC
[    17.291] (II) Initializing extension SECURITY
[    17.292] (II) Initializing extension XFIXES
[    17.292] (II) Initializing extension RENDER
[    17.292] (II) Initializing extension RANDR
[    17.292] (II) Initializing extension COMPOSITE
[    17.292] (II) Initializing extension DAMAGE
[    17.292] (II) Initializing extension MIT-SCREEN-SAVER
[    17.292] (II) Initializing extension DOUBLE-BUFFER
[    17.293] (II) Initializing extension RECORD
[    17.293] (II) Initializing extension DPMS
[    17.293] (II) Initializing extension Present
[    17.296] (II) Initializing extension DRI3
[    17.296] (II) Initializing extension X-Resource
[    17.296] (II) Initializing extension XVideo
[    17.296] (II) Initializing extension XVideo-MotionCompensation
[    17.296] (II) Initializing extension SELinux
[    17.296] (II) SELinux: Disabled on system
[    17.296] (II) Initializing extension GLX
[    17.340] (II) AIGLX: Loaded and initialized vmwgfx
[    17.340] (II) GLX: Initialized DRI2 GL provider for screen 0
[    17.340] (II) Initializing extension XFree86-VidModeExtension
[    17.340] (II) Initializing extension XFree86-DGA
[    17.340] (II) Initializing extension XFree86-DRI
[    17.340] (II) Initializing extension DRI2
[    17.341] (II) vmware(0): Setting screen physical size to 211 x 158
[    17.417] (II) config/udev: Adding input device Power Button (/dev/input/event0)
[    17.418] (**) Power Button: Applying InputClass "libinput keyboard catchall"
[    17.418] (II) LoadModule: "libinput"
[    17.418] (II) Loading /usr/lib/xorg/modules/input/libinput_drv.so
[    17.422] (II) Module libinput: vendor="X.Org Foundation"
[    17.422] 	compiled for 1.20.4, module version = 0.29.0
[    17.422] 	Module class: X.Org XInput Driver
[    17.422] 	ABI class: X.Org XInput driver, version 24.1
[    17.422] (II) Using input driver 'libinput' for 'Power Button'
[    17.423] (II) systemd-logind: got fd for /dev/input/event0 13:64 fd 24 paused 0
[    17.423] (**) Power Button: always reports core events
[    17.423] (**) Option "Device" "/dev/input/event0"
[    17.423] (**) Option "_source" "server/udev"
[    17.436] (II) event0  - Power Button: is tagged by udev as: Keyboard
[    17.436] (II) event0  - Power Button: device is a keyboard
[    17.436] (II) event0  - Power Button: device removed
[    17.436] (**) Option "config_info" "udev:/sys/devices/LNXSYSTM:00/LNXPWRBN:00/input/input0/event0"
[    17.436] (II) XINPUT: Adding extended input device "Power Button" (type: KEYBOARD, id 6)
[    17.436] (**) Option "xkb_model" "pc105"
[    17.436] (**) Option "xkb_layout" "us"
[    17.436] (II) event0  - Power Button: is tagged by udev as: Keyboard
[    17.436] (II) event0  - Power Button: device is a keyboard
[    17.437] (II) config/udev: Adding input device VMware VMware Virtual USB Mouse (/dev/input/event4)
[    17.437] (**) VMware VMware Virtual USB Mouse: Applying InputClass "libinput pointer catchall"
[    17.437] (II) Using input driver 'libinput' for 'VMware VMware Virtual USB Mouse'
[    17.496] (II) systemd-logind: got fd for /dev/input/event4 13:68 fd 27 paused 0
[    17.496] (**) VMware VMware Virtual USB Mouse: always reports core events
[    17.496] (**) Option "Device" "/dev/input/event4"
[    17.496] (**) Option "_source" "server/udev"
[    17.497] (II) event4  - VMware VMware Virtual USB Mouse: is tagged by udev as: Mouse
[    17.497] (II) event4  - VMware VMware Virtual USB Mouse: device is a pointer
[    17.497] (II) event4  - VMware VMware Virtual USB Mouse: device removed
[    17.497] (**) Option "config_info" "udev:/sys/devices/pci0000:00/0000:00:11.0/0000:02:00.0/usb2/2-1/2-1:1.0/0003:0E0F:0003.0001/input/input5/event4"
[    17.497] (II) XINPUT: Adding extended input device "VMware VMware Virtual USB Mouse" (type: MOUSE, id 7)
[    17.497] (**) Option "AccelerationScheme" "none"
[    17.497] (**) VMware VMware Virtual USB Mouse: (accel) selected scheme none/0
[    17.497] (**) VMware VMware Virtual USB Mouse: (accel) acceleration factor: 2.000
[    17.497] (**) VMware VMware Virtual USB Mouse: (accel) acceleration threshold: 4
[    17.498] (II) event4  - VMware VMware Virtual USB Mouse: is tagged by udev as: Mouse
[    17.498] (II) event4  - VMware VMware Virtual USB Mouse: device is a pointer
[    17.498] (II) config/udev: Adding input device VMware VMware Virtual USB Mouse (/dev/input/mouse2)
[    17.498] (II) No input driver specified, ignoring this device.
[    17.498] (II) This device may have been added with another device file.
[    17.498] (II) config/udev: Adding input device AT Translated Set 2 keyboard (/dev/input/event1)
[    17.498] (**) AT Translated Set 2 keyboard: Applying InputClass "libinput keyboard catchall"
[    17.498] (II) Using input driver 'libinput' for 'AT Translated Set 2 keyboard'
[    17.501] (II) systemd-logind: got fd for /dev/input/event1 13:65 fd 28 paused 0
[    17.501] (**) AT Translated Set 2 keyboard: always reports core events
[    17.501] (**) Option "Device" "/dev/input/event1"
[    17.501] (**) Option "_source" "server/udev"
[    17.502] (II) event1  - AT Translated Set 2 keyboard: is tagged by udev as: Keyboard
[    17.503] (II) event1  - AT Translated Set 2 keyboard: device is a keyboard
[    17.503] (II) event1  - AT Translated Set 2 keyboard: device removed
[    17.503] (**) Option "config_info" "udev:/sys/devices/platform/i8042/serio0/input/input1/event1"
[    17.503] (II) XINPUT: Adding extended input device "AT Translated Set 2 keyboard" (type: KEYBOARD, id 8)
[    17.503] (**) Option "xkb_model" "pc105"
[    17.503] (**) Option "xkb_layout" "us"
[    17.504] (II) event1  - AT Translated Set 2 keyboard: is tagged by udev as: Keyboard
[    17.504] (II) event1  - AT Translated Set 2 keyboard: device is a keyboard
[    17.506] (II) config/udev: Adding input device VirtualPS/2 VMware VMMouse (/dev/input/event3)
[    17.506] (**) VirtualPS/2 VMware VMMouse: Applying InputClass "libinput pointer catchall"
[    17.506] (II) Using input driver 'libinput' for 'VirtualPS/2 VMware VMMouse'
[    17.507] (II) systemd-logind: got fd for /dev/input/event3 13:67 fd 29 paused 0
[    17.507] (**) VirtualPS/2 VMware VMMouse: always reports core events
[    17.507] (**) Option "Device" "/dev/input/event3"
[    17.507] (**) Option "_source" "server/udev"
[    17.508] (II) event3  - VirtualPS/2 VMware VMMouse: is tagged by udev as: Mouse
[    17.508] (II) event3  - VirtualPS/2 VMware VMMouse: device is a pointer
[    17.508] (II) event3  - VirtualPS/2 VMware VMMouse: device removed
[    17.508] (**) Option "config_info" "udev:/sys/devices/platform/i8042/serio1/input/input3/event3"
[    17.508] (II) XINPUT: Adding extended input device "VirtualPS/2 VMware VMMouse" (type: MOUSE, id 9)
[    17.508] (**) Option "AccelerationScheme" "none"
[    17.508] (**) VirtualPS/2 VMware VMMouse: (accel) selected scheme none/0
[    17.508] (**) VirtualPS/2 VMware VMMouse: (accel) acceleration factor: 2.000
[    17.508] (**) VirtualPS/2 VMware VMMouse: (accel) acceleration threshold: 4
[    17.510] (II) event3  - VirtualPS/2 VMware VMMouse: is tagged by udev as: Mouse
[    17.510] (II) event3  - VirtualPS/2 VMware VMMouse: device is a pointer
[    17.510] (II) config/udev: Adding input device VirtualPS/2 VMware VMMouse (/dev/input/mouse1)
[    17.511] (II) No input driver specified, ignoring this device.
[    17.511] (II) This device may have been added with another device file.
[    17.511] (II) config/udev: Adding input device VirtualPS/2 VMware VMMouse (/dev/input/event2)
[    17.511] (**) VirtualPS/2 VMware VMMouse: Applying InputClass "libinput pointer catchall"
[    17.512] (II) Using input driver 'libinput' for 'VirtualPS/2 VMware VMMouse'
[    17.513] (II) systemd-logind: got fd for /dev/input/event2 13:66 fd 30 paused 0
[    17.513] (**) VirtualPS/2 VMware VMMouse: always reports core events
[    17.513] (**) Option "Device" "/dev/input/event2"
[    17.513] (**) Option "_source" "server/udev"
[    17.515] (II) event2  - VirtualPS/2 VMware VMMouse: is tagged by udev as: Mouse
[    17.515] (II) event2  - VirtualPS/2 VMware VMMouse: device is a pointer
[    17.515] (II) event2  - VirtualPS/2 VMware VMMouse: device removed
[    17.515] (**) Option "config_info" "udev:/sys/devices/platform/i8042/serio1/input/input4/event2"
[    17.515] (II) XINPUT: Adding extended input device "VirtualPS/2 VMware VMMouse" (type: MOUSE, id 10)
[    17.515] (**) Option "AccelerationScheme" "none"
[    17.516] (**) VirtualPS/2 VMware VMMouse: (accel) selected scheme none/0
[    17.516] (**) VirtualPS/2 VMware VMMouse: (accel) acceleration factor: 2.000
[    17.516] (**) VirtualPS/2 VMware VMMouse: (accel) acceleration threshold: 4
[    17.516] (II) event2  - VirtualPS/2 VMware VMMouse: is tagged by udev as: Mouse
[    17.517] (II) event2  - VirtualPS/2 VMware VMMouse: device is a pointer
[    17.518] (II) config/udev: Adding input device VirtualPS/2 VMware VMMouse (/dev/input/mouse0)
[    17.518] (II) No input driver specified, ignoring this device.
[    17.518] (II) This device may have been added with another device file.
[    35.901] (!!) vmware(0): New layout.
[    35.901] (!!) vmware(0): 0: 0 0 800 600
[    35.901] (!!) vmware(0): 
[    36.409] (II) config/udev: Adding input device VirtualPS/2 VMware VMMouse (/dev/input/mouse1)
[    36.409] (II) No input driver specified, ignoring this device.
[    36.409] (II) This device may have been added with another device file.
[    36.410] (II) config/udev: Adding input device VMware VMware Virtual USB Mouse (/dev/input/mouse2)
[    36.410] (II) No input driver specified, ignoring this device.
[    36.410] (II) This device may have been added with another device file.
[    36.425] (II) config/udev: Adding input device VirtualPS/2 VMware VMMouse (/dev/input/mouse0)
[    36.425] (II) No input driver specified, ignoring this device.
[    36.425] (II) This device may have been added with another device file.
[    36.454] (II) config/udev: removing device VMware VMware Virtual USB Mouse
[    36.454] (**) Option "fd" "27"
[    36.454] (II) event4  - VMware VMware Virtual USB Mouse: device removed
[    36.455] (II) UnloadModule: "libinput"
[    36.455] (II) systemd-logind: releasing fd for 13:68
[    36.777] (II) config/udev: Adding input device VMware VMware Virtual USB Mouse (/dev/input/event4)
[    36.777] (**) VMware VMware Virtual USB Mouse: Applying InputClass "libinput pointer catchall"
[    36.778] (II) Using input driver 'libinput' for 'VMware VMware Virtual USB Mouse'
[    36.836] (II) systemd-logind: got fd for /dev/input/event4 13:68 fd 45 paused 0
[    36.836] (**) VMware VMware Virtual USB Mouse: always reports core events
[    36.836] (**) Option "Device" "/dev/input/event4"
[    36.836] (**) Option "_source" "server/udev"
[    36.837] (II) event4  - VMware VMware Virtual USB Mouse: is tagged by udev as: Mouse
[    36.837] (II) event4  - VMware VMware Virtual USB Mouse: device is a pointer
[    36.837] (II) event4  - VMware VMware Virtual USB Mouse: device removed
[    36.837] (**) Option "config_info" "udev:/sys/devices/pci0000:00/0000:00:11.0/0000:02:00.0/usb2/2-1/2-1:1.0/0003:0E0F:0003.0001/input/input5/event4"
[    36.837] (II) XINPUT: Adding extended input device "VMware VMware Virtual USB Mouse" (type: MOUSE, id 7)
[    36.844] (**) Option "AccelerationScheme" "none"
[    36.845] (**) VMware VMware Virtual USB Mouse: (accel) selected scheme none/0
[    36.845] (**) VMware VMware Virtual USB Mouse: (accel) acceleration factor: 2.000
[    36.845] (**) VMware VMware Virtual USB Mouse: (accel) acceleration threshold: 4
[    36.849] (II) event4  - VMware VMware Virtual USB Mouse: is tagged by udev as: Mouse
[    36.849] (II) event4  - VMware VMware Virtual USB Mouse: device is a pointer
[    36.851] (II) config/udev: removing device Power Button
[    36.851] (**) Option "fd" "24"
[    36.851] (II) event0  - Power Button: device removed
[    36.856] (II) UnloadModule: "libinput"
[    36.856] (II) systemd-logind: releasing fd for 13:64
[    36.858] (II) config/udev: Adding input device Power Button (/dev/input/event0)
[    36.858] (**) Power Button: Applying InputClass "libinput keyboard catchall"
[    36.859] (II) Using input driver 'libinput' for 'Power Button'
[    36.859] (II) systemd-logind: got fd for /dev/input/event0 13:64 fd 27 paused 0
[    36.859] (**) Power Button: always reports core events
[    36.859] (**) Option "Device" "/dev/input/event0"
[    36.859] (**) Option "_source" "server/udev"
[    36.860] (II) event0  - Power Button: is tagged by udev as: Keyboard
[    36.860] (II) event0  - Power Button: device is a keyboard
[    36.861] (II) event0  - Power Button: device removed
[    36.861] (**) Option "config_info" "udev:/sys/devices/LNXSYSTM:00/LNXPWRBN:00/input/input0/event0"
[    36.861] (II) XINPUT: Adding extended input device "Power Button" (type: KEYBOARD, id 6)
[    36.861] (**) Option "xkb_model" "pc105"
[    36.861] (**) Option "xkb_layout" "us"
[    36.861] (WW) Option "xkb_variant" requires a string value
[    36.861] (WW) Option "xkb_options" requires a string value
[    36.864] (II) event0  - Power Button: is tagged by udev as: Keyboard
[    36.864] (II) event0  - Power Button: device is a keyboard
[    36.867] (II) config/udev: removing device VirtualPS/2 VMware VMMouse
[    36.867] (**) Option "fd" "29"
[    36.867] (II) event3  - VirtualPS/2 VMware VMMouse: device removed
[    36.875] (II) UnloadModule: "libinput"
[    36.875] (II) systemd-logind: releasing fd for 13:67
[    36.877] (II) config/udev: Adding input device VirtualPS/2 VMware VMMouse (/dev/input/event3)
[    36.877] (**) VirtualPS/2 VMware VMMouse: Applying InputClass "libinput pointer catchall"
[    36.877] (II) Using input driver 'libinput' for 'VirtualPS/2 VMware VMMouse'
[    36.877] (II) systemd-logind: got fd for /dev/input/event3 13:67 fd 29 paused 0
[    36.877] (**) VirtualPS/2 VMware VMMouse: always reports core events
[    36.877] (**) Option "Device" "/dev/input/event3"
[    36.878] (**) Option "_source" "server/udev"
[    36.880] (II) event3  - VirtualPS/2 VMware VMMouse: is tagged by udev as: Mouse
[    36.881] (II) event3  - VirtualPS/2 VMware VMMouse: device is a pointer
[    36.884] (II) event3  - VirtualPS/2 VMware VMMouse: device removed
[    36.884] (**) Option "config_info" "udev:/sys/devices/platform/i8042/serio1/input/input3/event3"
[    36.884] (II) XINPUT: Adding extended input device "VirtualPS/2 VMware VMMouse" (type: MOUSE, id 9)
[    36.885] (**) Option "AccelerationScheme" "none"
[    36.886] (**) VirtualPS/2 VMware VMMouse: (accel) selected scheme none/0
[    36.886] (**) VirtualPS/2 VMware VMMouse: (accel) acceleration factor: 2.000
[    36.887] (**) VirtualPS/2 VMware VMMouse: (accel) acceleration threshold: 4
[    36.889] (II) event3  - VirtualPS/2 VMware VMMouse: is tagged by udev as: Mouse
[    36.889] (II) event3  - VirtualPS/2 VMware VMMouse: device is a pointer
[    36.894] (II) config/udev: removing device VirtualPS/2 VMware VMMouse
[    36.894] (**) Option "fd" "30"
[    36.894] (II) event2  - VirtualPS/2 VMware VMMouse: device removed
[    36.905] (II) UnloadModule: "libinput"
[    36.905] (II) systemd-logind: releasing fd for 13:66
[    36.907] (II) config/udev: Adding input device VirtualPS/2 VMware VMMouse (/dev/input/event2)
[    36.907] (**) VirtualPS/2 VMware VMMouse: Applying InputClass "libinput pointer catchall"
[    36.908] (II) Using input driver 'libinput' for 'VirtualPS/2 VMware VMMouse'
[    36.908] (II) systemd-logind: got fd for /dev/input/event2 13:66 fd 30 paused 0
[    36.908] (**) VirtualPS/2 VMware VMMouse: always reports core events
[    36.908] (**) Option "Device" "/dev/input/event2"
[    36.909] (**) Option "_source" "server/udev"
[    36.911] (II) event2  - VirtualPS/2 VMware VMMouse: is tagged by udev as: Mouse
[    36.911] (II) event2  - VirtualPS/2 VMware VMMouse: device is a pointer
[    36.912] (II) event2  - VirtualPS/2 VMware VMMouse: device removed
[    36.912] (**) Option "config_info" "udev:/sys/devices/platform/i8042/serio1/input/input4/event2"
[    36.912] (II) XINPUT: Adding extended input device "VirtualPS/2 VMware VMMouse" (type: MOUSE, id 10)
[    36.913] (**) Option "AccelerationScheme" "none"
[    36.914] (**) VirtualPS/2 VMware VMMouse: (accel) selected scheme none/0
[    36.914] (**) VirtualPS/2 VMware VMMouse: (accel) acceleration factor: 2.000
[    36.914] (**) VirtualPS/2 VMware VMMouse: (accel) acceleration threshold: 4
[    36.918] (II) event2  - VirtualPS/2 VMware VMMouse: is tagged by udev as: Mouse
[    36.918] (II) event2  - VirtualPS/2 VMware VMMouse: device is a pointer
[    36.919] (II) config/udev: removing device AT Translated Set 2 keyboard
[    36.919] (**) Option "fd" "28"
[    36.919] (II) event1  - AT Translated Set 2 keyboard: device removed
[    36.929] (II) UnloadModule: "libinput"
[    36.929] (II) systemd-logind: releasing fd for 13:65
[    36.930] (II) config/udev: Adding input device AT Translated Set 2 keyboard (/dev/input/event1)
[    36.930] (**) AT Translated Set 2 keyboard: Applying InputClass "libinput keyboard catchall"
[    36.930] (II) Using input driver 'libinput' for 'AT Translated Set 2 keyboard'
[    36.931] (II) systemd-logind: got fd for /dev/input/event1 13:65 fd 28 paused 0
[    36.931] (**) AT Translated Set 2 keyboard: always reports core events
[    36.931] (**) Option "Device" "/dev/input/event1"
[    36.931] (**) Option "_source" "server/udev"
[    36.933] (II) event1  - AT Translated Set 2 keyboard: is tagged by udev as: Keyboard
[    36.935] (II) event1  - AT Translated Set 2 keyboard: device is a keyboard
[    36.935] (II) event1  - AT Translated Set 2 keyboard: device removed
[    36.935] (**) Option "config_info" "udev:/sys/devices/platform/i8042/serio0/input/input1/event1"
[    36.935] (II) XINPUT: Adding extended input device "AT Translated Set 2 keyboard" (type: KEYBOARD, id 8)
[    36.935] (**) Option "xkb_model" "pc105"
[    36.935] (**) Option "xkb_layout" "us"
[    36.936] (WW) Option "xkb_variant" requires a string value
[    36.936] (WW) Option "xkb_options" requires a string value
[    36.937] (II) event1  - AT Translated Set 2 keyboard: is tagged by udev as: Keyboard
[    36.938] (II) event1  - AT Translated Set 2 keyboard: device is a keyboard
[   206.149] (!!) vmware(0): New layout.
[   206.149] (!!) vmware(0): 0: 0 0 1920 957
[   206.149] (!!) vmware(0): 
